<?xml version="1.0" encoding="UTF-8"?>
<testsuites name="jest tests" tests="2" failures="0" time="6.646">
  <testsuite name="createJsonRequest" errors="0" failures="0" skipped="0" timestamp="2020-06-17T03:04:27" time="2.996" tests="1">
    <testcase classname="createJsonRequest should create a Request object with correct fields." name="createJsonRequest should create a Request object with correct fields." time="0.047">
    </testcase>
  </testsuite>
  <testsuite name="createJsonRequest" errors="0" failures="0" skipped="0" timestamp="2020-06-17T03:04:27" time="2.967" tests="1">
    <testcase classname="createJsonRequest should create a Request object with correct fields." name="createJsonRequest should create a Request object with correct fields." time="0.003">
    </testcase>
  </testsuite>
</testsuites>