<?xml version="1.0" encoding="UTF-8"?>
<testsuites name="jest tests" tests="2" failures="0" time="1.112">
  <testsuite name="createJsonRequest" errors="0" failures="0" skipped="0" timestamp="2020-06-16T21:04:34" time="0.466" tests="1">
    <testcase classname="createJsonRequest should create a Request object with correct fields." name="createJsonRequest should create a Request object with correct fields." time="0.003">
    </testcase>
  </testsuite>
  <testsuite name="createJsonRequest" errors="0" failures="0" skipped="0" timestamp="2020-06-16T21:04:34" time="0.133" tests="1">
    <testcase classname="createJsonRequest should create a Request object with correct fields." name="createJsonRequest should create a Request object with correct fields." time="0.003">
    </testcase>
  </testsuite>
</testsuites>