<?xml version="1.0" encoding="UTF-8"?>
<testsuites name="jest tests" tests="4" failures="0" time="2.517">
  <testsuite name="app-profile" errors="0" failures="0" skipped="0" timestamp="2020-06-21T22:44:16" time="1.083" tests="1">
    <testcase classname="app-profile should match snapshot" name="app-profile should match snapshot" time="0.019">
    </testcase>
  </testsuite>
  <testsuite name="app-profile" errors="0" failures="0" skipped="0" timestamp="2020-06-21T22:44:18" time="0.429" tests="1">
    <testcase classname="app-profile should match snapshot" name="app-profile should match snapshot" time="0.015">
    </testcase>
  </testsuite>
  <testsuite name="app-home" errors="0" failures="0" skipped="0" timestamp="2020-06-21T22:44:18" time="0.425" tests="1">
    <testcase classname="app-home should match snapshot" name="app-home should match snapshot" time="0.015">
    </testcase>
  </testsuite>
  <testsuite name="app-navigation" errors="0" failures="0" skipped="0" timestamp="2020-06-21T22:44:18" time="0.419" tests="1">
    <testcase classname="app-navigation should match snapshot" name="app-navigation should match snapshot" time="0.016">
    </testcase>
  </testsuite>
</testsuites>