<?xml version="1.0" encoding="UTF-8"?>
<testsuites name="jest tests" tests="6" failures="0" time="1.445">
  <testsuite name="app-profile" errors="0" failures="0" skipped="0" timestamp="2020-06-17T03:04:40" time="0.948" tests="5">
    <testcase classname="app-profile normalization returns a blank string if the name is undefined" name="app-profile normalization returns a blank string if the name is undefined" time="0.018">
    </testcase>
    <testcase classname="app-profile normalization returns a blank string if the name is null" name="app-profile normalization returns a blank string if the name is null" time="0.005">
    </testcase>
    <testcase classname="app-profile normalization capitalizes the first letter" name="app-profile normalization capitalizes the first letter" time="0.005">
    </testcase>
    <testcase classname="app-profile normalization lower-cases the following letters" name="app-profile normalization lower-cases the following letters" time="0.005">
    </testcase>
    <testcase classname="app-profile normalization handles single letter names" name="app-profile normalization handles single letter names" time="0.004">
    </testcase>
  </testsuite>
  <testsuite name="rr-navigation" errors="0" failures="0" skipped="0" timestamp="2020-06-17T03:04:41" time="0.434" tests="1">
    <testcase classname="rr-navigation renders" name="rr-navigation renders" time="0.019">
    </testcase>
  </testsuite>
</testsuites>