<?xml version="1.0" encoding="UTF-8"?>
<testsuites name="jest tests" tests="1" failures="0" time="1.445">
  <testsuite name="createJsonRequest" errors="0" failures="0" skipped="0" timestamp="2020-05-21T03:29:09" time="0.703" tests="1">
    <testcase classname="createJsonRequest should create a Request object with correct fields." name="createJsonRequest should create a Request object with correct fields." time="0.003">
    </testcase>
  </testsuite>
</testsuites>